000000.000| ALWAYS| Logging started at 2024-09-05T05:43:51.113
000000.000| ALWAYS| App Root: C:/Riot Games/Riot Client
000000.000| ALWAYS| Command line arguments:
    --launch-product=league_of_legends
    --launch-patchline=live
    --locale=pt_BR
000000.010|   OKAY| Initializing Open Telemetry
000000.010|   OKAY| Initialize Open Telemetry Logger
000000.010|   OKAY| Open Telemetry Logger provider set successfully.
000000.011|   OKAY| Will drop all AP events with ID: riotclient__PlatformUIStatusEvent__v1
000000.011|   OKAY| Will drop all AP events with ID: riotclient__PluginStats__v7
000000.011| ALWAYS| Launcher Build CL:2007
000000.011|   OKAY| Launcher enabled with the following metadata:
000000.011|   OKAY|   appName:   Riot Client Launcher
000000.011|   OKAY|   version:   93.0.1.2007
000000.011|   OKAY|   machineId: nN6fzJtpaUmQc6fW5Dlj9g==
000000.011|   OKAY|   os:        windows
000000.011|   OKAY|   osVersion: 10 Professional, x64
000000.011|   OKAY|   sessionId: 910f09b7-ede5-9f48-8391-1898ac083c5e
000000.011|   OKAY| shortcut_created not found in RiotClientSettings.yaml -> SkipMGCShortcutCreation set to false
000000.012|   OKAY| Set default locale to pt_BR. Current locale is pt_BR.
000000.058| ALWAYS| Creating config directory C:/Users/tutu/AppData/Local/Riot Games/Riot Client/Config
000000.058| ALWAYS| Locking mutex file C:/Users/tutu/AppData/Local/Riot Games/Riot Client/Config/lockfile_
000000.060| ALWAYS| Lock file was detected at C:/Users/tutu/AppData/Local/Riot Games/Riot Client/Config/lockfile
000000.060|   OKAY| Self-update disabled due to command-line argument or discovered lockfile.
000000.066|   OKAY| Wrote direct launch installs file at C:/ProgramData/Riot Games/RiotClientInstalls.json
000000.066| ALWAYS| Launching foundation from C:/Riot Games/Riot Client/RiotClientFoundation.dll.
000002.001| ALWAYS| Result: 100
