000000.000| ALWAYS| Logging started at 2024-09-05T05:42:20.992
000000.000| ALWAYS| App Root: C:/Riot Games/Riot Client
000000.000| ALWAYS| Command line arguments:
    --launch-product=league_of_legends
    --launch-patchline=live
    --locale=pt_BR
000000.009|   OKAY| Initializing Open Telemetry
000000.009|   OKAY| Initialize Open Telemetry Logger
000000.009|   OKAY| Open Telemetry Logger provider set successfully.
000000.009|  ERROR| Reading self-update install settings: Error opening file: Error code 3: O sistema não pode encontrar o caminho especificado.
000000.010| ALWAYS| Launcher Build CL:2007
000000.010|   OKAY| Launcher enabled with the following metadata:
000000.010|   OKAY|   appName:   Riot Client Launcher
000000.010|   OKAY|   version:   93.0.1.2007
000000.010|   OKAY|   machineId: nN6fzJtpaUmQc6fW5Dlj9g==
000000.010|   OKAY|   os:        windows
000000.010|   OKAY|   osVersion: 10 Professional, x64
000000.010|   OKAY|   sessionId: 8750d9c2-b006-cd43-97f7-abc58f4e767e
000000.010|   OKAY| Could not deserialize RiotClientSettings.yaml
000000.010| ALWAYS| Creating config directory C:/Users/tutu/AppData/Local/Riot Games/Riot Client/Config
000000.010| ALWAYS| Locking mutex file C:/Users/tutu/AppData/Local/Riot Games/Riot Client/Config/lockfile_
000000.011| ALWAYS| Lock file was not detected at C:/Users/tutu/AppData/Local/Riot Games/Riot Client/Config/lockfile
000000.013|   OKAY| Set default locale to en_US. Current locale is pt_BR.
000001.091| ALWAYS| SplashScreen: OnInitialize
000001.092| ALWAYS| NativeScreenManager: Setting window size to 392x488.
000001.092| ALWAYS| NativeScreenManager: Keeping window hidden.
000001.092| ALWAYS| NativeScreenManager: Centering screen on monitor.
000001.092| ALWAYS| NativeScreenManager: Keeping window hidden.
000001.093| ALWAYS| NativeScreenManager: Successfully transitioned to new screen (not draggable).
000001.098| ALWAYS| InstallRemotingServer: starting remoting server on port 56070
000001.099|   OKAY| RemotingServer: listening on port 56070
000001.101|   WARN| Reading self-update install settings: Error opening file: Error code 2: O sistema não pode encontrar o arquivo especificado.
000001.106|   OKAY| Requesting config from https://clientconfig.rpg.riotgames.com/api/v1/config/public?region=NA&os=windows&app=Riot%20Client&version=93.0.1.2007&patchline=KeystoneFoundationLiveWin&namespace=keystone.self_update
000001.633| ALWAYS| Previous Patch level 55 from 'C:/ProgramData/Riot Games/Metadata/Riot Client/Riot Client.level'
000001.633| ALWAYS| Current Patch level 55
000001.633| ALWAYS| currentLevel 55 prevLevel 55 normal
000001.638|   OKAY| Loading patch database C:/ProgramData/Riot Games/Metadata/Riot Client/Riot Client.db
000001.639|   OKAY| Patch database scanned in 0.0 secs with 85 files
000001.640|   OKAY| Scanned filesystem in 0.0 secs with 85 existing files and 6 directories
000001.646|   OKAY| Verification completed after 0.0 secs with 85 existing files (6 directories) and excluded 0 paths after 0.0 CPU-secs
000001.646|   OKAY| Check completed in 0.0 secs
000001.647|   OKAY| Verification completed successfully for install at C:/Riot Games/Riot Client
000001.647| ALWAYS| Validated install at 'C:/Riot Games/Riot Client' at release '17D81CA9B6F59294'; skipping update
000001.647| ALWAYS| No update required, launching Foundation.
000001.656| ALWAYS| Detected success result; exiting launcher thread
000001.656| ALWAYS| Finished waiting for launcher threads.
000001.656| ALWAYS| UxLoop complete.
000001.656| ALWAYS| InstallRemotingServer: InstallRemotingServer: stopping remoting server
000001.656| ALWAYS| InstallRemotingServer: Stopping agent
000001.676|   OKAY| Skipping TimeSampleEvent with phase: foundation_loaded, duration: 1685267
000001.677|   OKAY| Wrote direct launch installs file at C:/ProgramData/Riot Games/RiotClientInstalls.json
000001.677| ALWAYS| Launching foundation from C:/Riot Games/Riot Client/RiotClientFoundation.dll.
