000000.000| ALWAYS| Logging started at 2024-09-05T05:53:39.555
000000.000| ALWAYS| App Root: C:/Riot Games/Riot Client
000000.000| ALWAYS| Command line arguments:
    --launch-product=league_of_legends
    --launch-patchline=live
    --locale=pt_BR
000000.010|   OKAY| Initializing Open Telemetry
000000.010|   OKAY| Initialize Open Telemetry Logger
000000.010|   OKAY| Open Telemetry Logger provider set successfully.
000000.010|  ERROR| Reading self-update install settings: Error opening file: Error code 3: O sistema não pode encontrar o caminho especificado.
000000.010| ALWAYS| Launcher Build CL:2007
000000.010|   OKAY| Launcher enabled with the following metadata:
000000.010|   OKAY|   appName:   Riot Client Launcher
000000.010|   OKAY|   version:   93.0.1.2007
000000.010|   OKAY|   machineId: nN6fzJtpaUmQc6fW5Dlj9g==
000000.010|   OKAY|   os:        windows
000000.010|   OKAY|   osVersion: 10 Professional, x64
000000.010|   OKAY|   sessionId: b24e7797-6021-2d42-9f75-3ebba9e431a4
000000.010|   OKAY| Could not deserialize RiotClientSettings.yaml
000000.011| ALWAYS| Creating config directory C:/Users/tutu/AppData/Local/Riot Games/Riot Client/Config
000000.011| ALWAYS| Locking mutex file C:/Users/tutu/AppData/Local/Riot Games/Riot Client/Config/lockfile_
000000.011| ALWAYS| Lock file was not detected at C:/Users/tutu/AppData/Local/Riot Games/Riot Client/Config/lockfile
000000.013|   OKAY| Set default locale to en_US. Current locale is pt_BR.
000001.124| ALWAYS| SplashScreen: OnInitialize
000001.126| ALWAYS| NativeScreenManager: Setting window size to 392x488.
000001.126| ALWAYS| NativeScreenManager: Keeping window hidden.
000001.127| ALWAYS| NativeScreenManager: Centering screen on monitor.
000001.127| ALWAYS| NativeScreenManager: Keeping window hidden.
000001.128| ALWAYS| NativeScreenManager: Successfully transitioned to new screen (not draggable).
000001.133| ALWAYS| InstallRemotingServer: starting remoting server on port 56517
000001.134|   OKAY| RemotingServer: listening on port 56517
000001.135|   WARN| Reading self-update install settings: Error opening file: Error code 2: O sistema não pode encontrar o arquivo especificado.
000001.141|   OKAY| Requesting config from https://clientconfig.rpg.riotgames.com/api/v1/config/public?region=NA&os=windows&app=Riot%20Client&version=93.0.1.2007&patchline=KeystoneFoundationLiveWin&namespace=keystone.self_update
000001.269| ALWAYS| Previous Patch level 55 from 'C:/ProgramData/Riot Games/Metadata/Riot Client/Riot Client.level'
000001.269| ALWAYS| Current Patch level 55
000001.269| ALWAYS| currentLevel 55 prevLevel 55 normal
000001.274|   OKAY| Loading patch database C:/ProgramData/Riot Games/Metadata/Riot Client/Riot Client.db
000001.276|   OKAY| Patch database scanned in 0.0 secs with 85 files
000001.277|   OKAY| Scanned filesystem in 0.0 secs with 85 existing files and 6 directories
000001.283|   OKAY| Verification completed after 0.0 secs with 85 existing files (6 directories) and excluded 0 paths after 0.0 CPU-secs
000001.283|   OKAY| Check completed in 0.0 secs
000001.284|   OKAY| Verification completed successfully for install at C:/Riot Games/Riot Client
000001.284| ALWAYS| Validated install at 'C:/Riot Games/Riot Client' at release '17D81CA9B6F59294'; skipping update
000001.284| ALWAYS| No update required, launching Foundation.
000001.308| ALWAYS| Detected success result; exiting launcher thread
000001.308| ALWAYS| Finished waiting for launcher threads.
000001.308| ALWAYS| UxLoop complete.
000001.308| ALWAYS| InstallRemotingServer: InstallRemotingServer: stopping remoting server
000001.308| ALWAYS| InstallRemotingServer: Stopping agent
000001.330|   OKAY| Skipping TimeSampleEvent with phase: foundation_loaded, duration: 1340746
000001.331|   OKAY| Wrote direct launch installs file at C:/ProgramData/Riot Games/RiotClientInstalls.json
000001.331| ALWAYS| Launching foundation from C:/Riot Games/Riot Client/RiotClientFoundation.dll.
