[2024-09-05 05:53:44.511] [info]                        Starting RiotClientUx electron with args {
  appPort: 56527,
  remotingAuthToken: 'nzSA_sl-LLyv0FaJNzomSg',
  logDir: 'C:/Users/tutu/AppData/Local/Riot Games/Riot Client/Logs',
  userDataRoot: 'C:/Users/tutu/AppData/Local/Riot Games/Riot Client',
  crashpadEnvironment: 'KeystoneFoundationLiveWin',
  appPid: 4416,
  machineId: 'nN6fzJtpaUmQc6fW5Dlj9g=='
}
[2024-09-05 05:53:44.515] [info]                        Logging to C:\Users\tutu\AppData\Local\Riot Games\Riot Client\Logs\Riot Client Electron Logs\2024-8-5T5-53-44_418_RiotClientElectron.log
[2024-09-05 05:53:44.517] [info]                        NODE_ENV production
[2024-09-05 05:53:44.517] [info]                        isDevelopment false
[2024-09-05 05:53:44.530] [info]  (InstallSettings)     Fetching RiotClientSettings.yaml from: C:\Users\tutu\AppData\Local\Riot Games\Riot Client\Config\RiotClientSettings.yaml
[2024-09-05 05:53:44.635] [info]                        Creating socket..
[2024-09-05 05:53:44.661] [info]  (RCSWatchdog)         Interval set to check if process 4416 is running every 1000ms
[2024-09-05 05:53:44.663] [info]                        app.isPackaged true
[2024-09-05 05:53:44.697] [info]                        Loading page from http://127.0.0.1:56571/index.html
[2024-09-05 05:53:44.823] [info]                        Starting CookieJarService
[2024-09-05 05:53:44.860] [info]  (TelemetryCollector)  Ending time sample for phase:ux_launch_to_electron_loaded
[2024-09-05 05:53:44.862] [info]  (TelemetryCollector)  Started time sample for phase:ux_electron_loaded_to_interactive
[2024-09-05 05:53:44.877] [info]  (SentryService)       Resources initialized and set in Sentry
[2024-09-05 05:53:46.235] [info]                        Allowing via setCertificateVerifyProc: rclient
[2024-09-05 05:53:46.512] [info]                        Allowing via setCertificateVerifyProc: a248.e.akamai.net
[2024-09-05 05:53:46.515] [info]                        Allowing via setCertificateVerifyProc: a248.e.akamai.net
[2024-09-05 05:53:46.516] [info]                        Allowing via setCertificateVerifyProc: a248.e.akamai.net
[2024-09-05 05:53:46.517] [info]                        Allowing via setCertificateVerifyProc: a248.e.akamai.net
[2024-09-05 05:53:46.840] [info]                        Allowing via setCertificateVerifyProc: *.riotcdn.com
[2024-09-05 05:53:49.167] [info]                        Allowing via setCertificateVerifyProc: hcaptcha.com
[2024-09-05 05:53:49.408] [info]                        Allowing via setCertificateVerifyProc: hcaptcha.com
[2024-09-05 05:53:51.042] [info]  (SocketManager)       Socket closed
[2024-09-05 05:53:51.046] [info]  (SocketManager)       Socket closed
[2024-09-05 05:53:51.049] [info]  (SocketManager)       Socket closed
[2024-09-05 05:53:51.709] [info]  (RCSWatchdog)         Process 4416 is no longer running
[2024-09-05 05:53:51.710] [info]  (RCSWatchdog)         Resetting watchdog
[2024-09-05 05:53:51.711] [info]                        Parent process has exited. Quitting UX process.
[2024-09-05 05:53:51.914] [info]                        Allowing via setCertificateVerifyProc: ingest.sentry.io
[2024-09-05 05:53:52.051] [info]  (SocketManager)       Socket closed
