[2024-09-05 05:44:53.158] [info]                        Starting RiotClientUx electron with args {
  appPort: 56203,
  remotingAuthToken: 'huzxMfuooytQbot9qzaz1A',
  logDir: 'C:/Users/tutu/AppData/Local/Riot Games/Riot Client/Logs',
  userDataRoot: 'C:/Users/tutu/AppData/Local/Riot Games/Riot Client',
  crashpadEnvironment: 'KeystoneFoundationLiveWin',
  appPid: 8684,
  machineId: 'nN6fzJtpaUmQc6fW5Dlj9g=='
}
[2024-09-05 05:44:53.162] [info]                        Logging to C:\Users\tutu\AppData\Local\Riot Games\Riot Client\Logs\Riot Client Electron Logs\2024-8-5T5-44-53_73_RiotClientElectron.log
[2024-09-05 05:44:53.164] [info]                        NODE_ENV production
[2024-09-05 05:44:53.165] [info]                        isDevelopment false
[2024-09-05 05:44:53.179] [info]  (InstallSettings)     Fetching RiotClientSettings.yaml from: C:\Users\tutu\AppData\Local\Riot Games\Riot Client\Config\RiotClientSettings.yaml
[2024-09-05 05:44:53.285] [info]                        Creating socket..
[2024-09-05 05:44:53.302] [info]  (RCSWatchdog)         Interval set to check if process 8684 is running every 1000ms
[2024-09-05 05:44:53.304] [info]                        app.isPackaged true
[2024-09-05 05:44:53.330] [info]                        Loading page from http://127.0.0.1:56246/index.html
[2024-09-05 05:44:53.475] [info]  (TelemetryCollector)  Started time sample for phase:ux_electron_loaded_to_interactive
[2024-09-05 05:44:53.480] [info]  (TelemetryCollector)  Ending time sample for phase:ux_launch_to_electron_loaded
[2024-09-05 05:44:53.486] [info]                        Starting CookieJarService
[2024-09-05 05:44:53.515] [info]  (SentryService)       Resources initialized and set in Sentry
[2024-09-05 05:44:54.876] [info]                        Allowing via setCertificateVerifyProc: rclient
[2024-09-05 05:44:55.150] [info]                        Allowing via setCertificateVerifyProc: a248.e.akamai.net
[2024-09-05 05:44:55.152] [info]                        Allowing via setCertificateVerifyProc: a248.e.akamai.net
[2024-09-05 05:44:55.153] [info]                        Allowing via setCertificateVerifyProc: a248.e.akamai.net
[2024-09-05 05:44:55.557] [info]                        Allowing via setCertificateVerifyProc: *.riotcdn.com
[2024-09-05 05:44:57.912] [info]                        Allowing via setCertificateVerifyProc: hcaptcha.com
[2024-09-05 05:44:58.964] [info]                        Allowing via setCertificateVerifyProc: hcaptcha.com
[2024-09-05 05:44:59.727] [info]  (SocketManager)       Socket closed
[2024-09-05 05:44:59.732] [info]  (SocketManager)       Socket closed
[2024-09-05 05:44:59.743] [info]  (SocketManager)       Socket closed
[2024-09-05 05:45:00.417] [info]  (RCSWatchdog)         Process 8684 is no longer running
[2024-09-05 05:45:00.418] [info]  (RCSWatchdog)         Resetting watchdog
[2024-09-05 05:45:00.419] [info]                        Parent process has exited. Quitting UX process.
[2024-09-05 05:45:00.522] [info]                        Allowing via setCertificateVerifyProc: ingest.sentry.io
