[2024-09-05 05:42:25.887] [info]                        Starting RiotClientUx electron with args {
  appPort: 56080,
  remotingAuthToken: 'P-LuYwHHtjVtRhXn3oxJng',
  logDir: 'C:/Users/tutu/AppData/Local/Riot Games/Riot Client/Logs',
  userDataRoot: 'C:/Users/tutu/AppData/Local/Riot Games/Riot Client',
  crashpadEnvironment: 'KeystoneFoundationLiveWin',
  appPid: 8584,
  machineId: 'nN6fzJtpaUmQc6fW5Dlj9g=='
}
[2024-09-05 05:42:25.891] [info]                        Logging to C:\Users\tutu\AppData\Local\Riot Games\Riot Client\Logs\Riot Client Electron Logs\2024-8-5T5-42-25_796_RiotClientElectron.log
[2024-09-05 05:42:25.893] [info]                        NODE_ENV production
[2024-09-05 05:42:25.893] [info]                        isDevelopment false
[2024-09-05 05:42:25.906] [info]  (InstallSettings)     Fetching RiotClientSettings.yaml from: C:\Users\tutu\AppData\Local\Riot Games\Riot Client\Config\RiotClientSettings.yaml
[2024-09-05 05:42:26.010] [info]                        Creating socket..
[2024-09-05 05:42:26.028] [info]  (RCSWatchdog)         Interval set to check if process 8584 is running every 1000ms
[2024-09-05 05:42:26.030] [info]                        app.isPackaged true
[2024-09-05 05:42:26.060] [info]                        Loading page from http://127.0.0.1:56123/index.html
[2024-09-05 05:42:26.165] [info]                        Starting CookieJarService
[2024-09-05 05:42:26.172] [info]  (TelemetryCollector)  Started time sample for phase:ux_electron_loaded_to_interactive
[2024-09-05 05:42:26.174] [info]  (TelemetryCollector)  Ending time sample for phase:ux_launch_to_electron_loaded
[2024-09-05 05:42:26.185] [info]  (SentryService)       Resources initialized and set in Sentry
[2024-09-05 05:42:27.746] [info]                        Allowing via setCertificateVerifyProc: rclient
[2024-09-05 05:42:28.637] [info]                        Allowing via setCertificateVerifyProc: *.riotcdn.com
[2024-09-05 05:42:35.217] [info]                        Allowing via setCertificateVerifyProc: hcaptcha.com
[2024-09-05 05:42:36.520] [info]                        Allowing via setCertificateVerifyProc: hcaptcha.com
[2024-09-05 05:44:26.791] [info]  (SocketManager)       Socket closed
[2024-09-05 05:44:26.796] [info]  (SocketManager)       Socket closed
[2024-09-05 05:44:26.843] [info]  (SocketManager)       Socket closed
[2024-09-05 05:44:26.923] [info]  (RCSWatchdog)         Process 8584 is no longer running
[2024-09-05 05:44:26.925] [info]  (RCSWatchdog)         Resetting watchdog
[2024-09-05 05:44:26.925] [info]                        Parent process has exited. Quitting UX process.
[2024-09-05 05:44:27.032] [info]                        Allowing via setCertificateVerifyProc: ingest.sentry.io
