000000.000| ALWAYS| Logging started at 2024-09-05T04:31:56.724
000000.000| ALWAYS| App Root: C:/Riot Games/Riot Client
000000.000| ALWAYS| Command line arguments:
    --launch-product=league_of_legends
    --launch-patchline=live
    --locale=pt_BR
000000.016|   OKAY| Initializing Open Telemetry
000000.016|   OKAY| Initialize Open Telemetry Logger
000000.016|   OKAY| Open Telemetry Logger provider set successfully.
000000.016|  ERROR| Reading self-update install settings: Error opening file: Error code 3: O sistema não pode encontrar o caminho especificado.
000000.016| ALWAYS| Launcher Build CL:2007
000000.017|   OKAY| Launcher enabled with the following metadata:
000000.017|   OKAY|   appName:   Riot Client Launcher
000000.017|   OKAY|   version:   93.0.1.2007
000000.017|   OKAY|   machineId: nN6fzJtpaUmQc6fW5Dlj9g==
000000.017|   OKAY|   os:        windows
000000.017|   OKAY|   osVersion: 10 Professional, x64
000000.017|   OKAY|   sessionId: 1b35addc-133b-7c4d-9824-6fecb54d4cf3
000000.017|   OKAY| Could not deserialize RiotClientSettings.yaml
000000.017| ALWAYS| Creating config directory C:/Users/tutu/AppData/Local/Riot Games/Riot Client/Config
000000.017| ALWAYS| Locking mutex file C:/Users/tutu/AppData/Local/Riot Games/Riot Client/Config/lockfile_
000000.018| ALWAYS| Lock file was not detected at C:/Users/tutu/AppData/Local/Riot Games/Riot Client/Config/lockfile
000000.020|   OKAY| Set default locale to en_US. Current locale is pt_BR.
000001.173| ALWAYS| SplashScreen: OnInitialize
000001.174| ALWAYS| NativeScreenManager: Setting window size to 392x488.
000001.174| ALWAYS| NativeScreenManager: Keeping window hidden.
000001.174| ALWAYS| NativeScreenManager: Centering screen on monitor.
000001.174| ALWAYS| NativeScreenManager: Keeping window hidden.
000001.175| ALWAYS| NativeScreenManager: Successfully transitioned to new screen (not draggable).
000001.183| ALWAYS| InstallRemotingServer: starting remoting server on port 51467
000001.185|   OKAY| RemotingServer: listening on port 51467
000001.187|   WARN| Reading self-update install settings: Error opening file: Error code 2: O sistema não pode encontrar o arquivo especificado.
000001.194|   OKAY| Requesting config from https://clientconfig.rpg.riotgames.com/api/v1/config/public?region=NA&os=windows&app=Riot%20Client&version=93.0.1.2007&patchline=KeystoneFoundationLiveWin&namespace=keystone.self_update
000001.482| ALWAYS| Previous Patch level 55 from 'C:/ProgramData/Riot Games/Metadata/Riot Client/Riot Client.level'
000001.482| ALWAYS| Current Patch level 55
000001.482| ALWAYS| currentLevel 55 prevLevel 55 normal
000001.501|   OKAY| Loading patch database C:/ProgramData/Riot Games/Metadata/Riot Client/Riot Client.db
000001.510|   OKAY| Patch database scanned in 0.0 secs with 85 files
000001.513|   OKAY| Scanned filesystem in 0.0 secs with 85 existing files and 6 directories
000001.521|   OKAY| Verification completed after 0.0 secs with 85 existing files (6 directories) and excluded 0 paths after 0.0 CPU-secs
000001.521|   OKAY| Check completed in 0.0 secs
000001.522|   OKAY| Verification completed successfully for install at C:/Riot Games/Riot Client
000001.523| ALWAYS| Validated install at 'C:/Riot Games/Riot Client' at release '17D81CA9B6F59294'; skipping update
000001.523| ALWAYS| No update required, launching Foundation.
000001.537| ALWAYS| Detected success result; exiting launcher thread
000001.537| ALWAYS| Finished waiting for launcher threads.
000001.537| ALWAYS| UxLoop complete.
000001.537| ALWAYS| InstallRemotingServer: InstallRemotingServer: stopping remoting server
000001.538| ALWAYS| InstallRemotingServer: Stopping agent
000001.613|   OKAY| Skipping TimeSampleEvent with phase: foundation_loaded, duration: 1624488
000001.621|   OKAY| Wrote direct launch installs file at C:/ProgramData/Riot Games/RiotClientInstalls.json
000001.621| ALWAYS| Launching foundation from C:/Riot Games/Riot Client/RiotClientFoundation.dll.
